#
# There is insufficient memory for the Java Runtime Environment to continue.
# Native memory allocation (malloc) failed to allocate 1325296 bytes for Chunk::new
# Possible reasons:
#   The system is out of physical RAM or swap space
#   The process is running with CompressedOops enabled, and the Java Heap may be blocking the growth of the native heap
# Possible solutions:
#   Reduce memory load on the system
#   Increase physical memory or swap space
#   Check if swap backing store is full
#   Decrease Java heap size (-Xmx/-Xms)
#   Decrease number of Java threads
#   Decrease Java thread stack sizes (-Xss)
#   Set larger code cache with -XX:ReservedCodeCacheSize=
#   JVM is running with Unscaled Compressed Oops mode in which the Java heap is
#     placed in the first 4GB address space. The Java Heap base address is the
#     maximum limit for the native heap growth. Please use -XX:HeapBaseMinAddress
#     to set the Java Heap base and to place the Java Heap above 4GB virtual address.
# This output file may be truncated or incomplete.
#
#  Out of Memory Error (allocation.cpp:390), pid=13400, tid=0x0000000000003168
#
# JRE version: Java(TM) SE Runtime Environment (8.0_201-b09) (build 1.8.0_201-b09)
# Java VM: Java HotSpot(TM) 64-Bit Server VM (25.201-b09 mixed mode windows-amd64 compressed oops)
# Failed to write core dump. Minidumps are not enabled by default on client versions of Windows
#

---------------  T H R E A D  ---------------

Current thread (0x0000000018fd9800):  JavaThread "C2 CompilerThread1" daemon [_thread_in_native, id=12648, stack(0x00000000197a0000,0x00000000198a0000)]

Stack: [0x00000000197a0000,0x00000000198a0000]
[error occurred during error reporting (printing stack bounds), id 0xc0000005]

Native frames: (J=compiled Java code, j=interpreted, Vv=VM code, C=native code)


Current CompileTask:
C2:   4167 2738   !   4       org.codehaus.plexus.interpolation.StringSearchInterpolator::interpolate (650 bytes)


---------------  P R O C E S S  ---------------

Java Threads: ( => current thread )
  0x000000001901b800 JavaThread "Service Thread" daemon [_thread_blocked, id=11328, stack(0x00000000199a0000,0x0000000019aa0000)]
  0x0000000018fdc800 JavaThread "C1 CompilerThread2" daemon [_thread_in_vm, id=12976, stack(0x00000000198a0000,0x00000000199a0000)]
=>0x0000000018fd9800 JavaThread "C2 CompilerThread1" daemon [_thread_in_native, id=12648, stack(0x00000000197a0000,0x00000000198a0000)]
  0x0000000018fd6800 JavaThread "C2 CompilerThread0" daemon [_thread_in_native, id=2648, stack(0x00000000196a0000,0x00000000197a0000)]
  0x0000000018fcc800 JavaThread "Monitor Ctrl-Break" daemon [_thread_in_native, id=8932, stack(0x00000000195a0000,0x00000000196a0000)]
  0x0000000017c38800 JavaThread "Attach Listener" daemon [_thread_blocked, id=7180, stack(0x00000000194a0000,0x00000000195a0000)]
  0x0000000018fa8800 JavaThread "Signal Dispatcher" daemon [_thread_blocked, id=2908, stack(0x00000000193a0000,0x00000000194a0000)]
  0x00000000030fb800 JavaThread "Finalizer" daemon [_thread_blocked, id=7328, stack(0x0000000018ea0000,0x0000000018fa0000)]
  0x00000000030f3000 JavaThread "Reference Handler" daemon [_thread_blocked, id=12584, stack(0x0000000018da0000,0x0000000018ea0000)]
  0x0000000003002800 JavaThread "main" [_thread_in_vm, id=9344, stack(0x0000000002d00000,0x0000000002e00000)]

Other Threads:
  0x0000000017c07000 VMThread [stack: 0x0000000018ca0000,0x0000000018da0000] [id=564]
  0x00000000190a4000 WatcherThread [stack: 0x0000000019aa0000,0x0000000019ba0000] [id=8080]

VM state:not at safepoint (normal execution)

VM Mutex/Monitor currently owned by a thread: None

heap address: 0x0000000081a00000, size: 2022 MB, Compressed Oops mode: 32-bit
Narrow klass base: 0x0000000000000000, Narrow klass shift: 3
Compressed class space size: 1073741824 Address: 0x0000000100000000

Heap:
 PSYoungGen      total 71680K, used 61938K [0x00000000d5e00000, 0x00000000da900000, 0x0000000100000000)
  eden space 66560K, 85% used [0x00000000d5e00000,0x00000000d957e890,0x00000000d9f00000)
  from space 5120K, 99% used [0x00000000da400000,0x00000000da8fe050,0x00000000da900000)
  to   space 5120K, 0% used [0x00000000d9f00000,0x00000000d9f00000,0x00000000da400000)
 ParOldGen       total 87552K, used 6065K [0x0000000081a00000, 0x0000000086f80000, 0x00000000d5e00000)
  object space 87552K, 6% used [0x0000000081a00000,0x0000000081fec490,0x0000000086f80000)
 Metaspace       used 17749K, capacity 18116K, committed 18432K, reserved 1064960K
  class space    used 2079K, capacity 2186K, committed 2304K, reserved 1048576K

Card table byte_map: [0x00000000124c0000,0x00000000128c0000] byte_map_base: 0x00000000120b3000

Marking Bits: (ParMarkBitMap*) 0x000000006ab94ce0
 Begin Bits: [0x0000000012f70000, 0x0000000014f08000)
 End Bits:   [0x0000000014f08000, 0x0000000016ea0000)

Polling page: 0x0000000000c70000

CodeCache: size=245760Kb used=9079Kb max_used=9079Kb free=236680Kb
 bounds [0x0000000003100000, 0x00000000039f0000, 0x0000000012100000]
 total_blobs=3434 nmethods=3048 adapters=298
 compilation: enabled

Compilation events (10 events):
Event: 4.112 Thread 0x0000000018fdc800 nmethod 3010 0x00000000039bee10 code [0x00000000039bef80, 0x00000000039bf178]
Event: 4.112 Thread 0x0000000018fdc800 3011       2       com.google.common.collect.CompactHashMap::entrySet (24 bytes)
Event: 4.112 Thread 0x0000000018fdc800 nmethod 3011 0x00000000039bf250 code [0x00000000039bf3a0, 0x00000000039bf590]
Event: 4.112 Thread 0x0000000018fdc800 3012       2       com.google.common.collect.CompactHashMap$EntrySetView::iterator (8 bytes)
Event: 4.112 Thread 0x0000000018fdc800 nmethod 3012 0x00000000039bf650 code [0x00000000039bf7c0, 0x00000000039bf9c8]
Event: 4.112 Thread 0x0000000018fdc800 3013       2       com.google.common.collect.CompactHashMap::entrySetIterator (9 bytes)
Event: 4.112 Thread 0x0000000018fdc800 nmethod 3013 0x00000000039bfad0 code [0x00000000039bfc40, 0x00000000039bfe28]
Event: 4.112 Thread 0x0000000018fdc800 3014       2       com.google.common.collect.LinkedHashMultimap$ValueSet::setPredecessorInValueSet (6 bytes)
Event: 4.112 Thread 0x0000000018fdc800 nmethod 3014 0x00000000039bff10 code [0x00000000039c0060, 0x00000000039c01d0]
Event: 4.120 Thread 0x0000000018fdc800 3015       2       java.util.Vector::<init> (7 bytes)

GC Heap History (8 events):
Event: 1.534 GC heap before
{Heap before GC invocations=1 (full 0):
 PSYoungGen      total 38400K, used 33280K [0x00000000d5e00000, 0x00000000d8880000, 0x0000000100000000)
  eden space 33280K, 100% used [0x00000000d5e00000,0x00000000d7e80000,0x00000000d7e80000)
  from space 5120K, 0% used [0x00000000d8380000,0x00000000d8380000,0x00000000d8880000)
  to   space 5120K, 0% used [0x00000000d7e80000,0x00000000d7e80000,0x00000000d8380000)
 ParOldGen       total 87552K, used 0K [0x0000000081a00000, 0x0000000086f80000, 0x00000000d5e00000)
  object space 87552K, 0% used [0x0000000081a00000,0x0000000081a00000,0x0000000086f80000)
 Metaspace       used 8724K, capacity 8872K, committed 9088K, reserved 1056768K
  class space    used 1043K, capacity 1084K, committed 1152K, reserved 1048576K
Event: 1.543 GC heap after
Heap after GC invocations=1 (full 0):
 PSYoungGen      total 38400K, used 5108K [0x00000000d5e00000, 0x00000000d8880000, 0x0000000100000000)
  eden space 33280K, 0% used [0x00000000d5e00000,0x00000000d5e00000,0x00000000d7e80000)
  from space 5120K, 99% used [0x00000000d7e80000,0x00000000d837d0e0,0x00000000d8380000)
  to   space 5120K, 0% used [0x00000000d8380000,0x00000000d8380000,0x00000000d8880000)
 ParOldGen       total 87552K, used 123K [0x0000000081a00000, 0x0000000086f80000, 0x00000000d5e00000)
  object space 87552K, 0% used [0x0000000081a00000,0x0000000081a1ee18,0x0000000086f80000)
 Metaspace       used 8724K, capacity 8872K, committed 9088K, reserved 1056768K
  class space    used 1043K, capacity 1084K, committed 1152K, reserved 1048576K
}
Event: 2.027 GC heap before
{Heap before GC invocations=2 (full 0):
 PSYoungGen      total 38400K, used 38388K [0x00000000d5e00000, 0x00000000d8880000, 0x0000000100000000)
  eden space 33280K, 100% used [0x00000000d5e00000,0x00000000d7e80000,0x00000000d7e80000)
  from space 5120K, 99% used [0x00000000d7e80000,0x00000000d837d0e0,0x00000000d8380000)
  to   space 5120K, 0% used [0x00000000d8380000,0x00000000d8380000,0x00000000d8880000)
 ParOldGen       total 87552K, used 123K [0x0000000081a00000, 0x0000000086f80000, 0x00000000d5e00000)
  object space 87552K, 0% used [0x0000000081a00000,0x0000000081a1ee18,0x0000000086f80000)
 Metaspace       used 11563K, capacity 11818K, committed 12032K, reserved 1060864K
  class space    used 1412K, capacity 1511K, committed 1536K, reserved 1048576K
Event: 2.034 GC heap after
Heap after GC invocations=2 (full 0):
 PSYoungGen      total 38400K, used 5118K [0x00000000d5e00000, 0x00000000d8880000, 0x0000000100000000)
  eden space 33280K, 0% used [0x00000000d5e00000,0x00000000d5e00000,0x00000000d7e80000)
  from space 5120K, 99% used [0x00000000d8380000,0x00000000d887fbb0,0x00000000d8880000)
  to   space 5120K, 0% used [0x00000000d7e80000,0x00000000d7e80000,0x00000000d8380000)
 ParOldGen       total 87552K, used 1326K [0x0000000081a00000, 0x0000000086f80000, 0x00000000d5e00000)
  object space 87552K, 1% used [0x0000000081a00000,0x0000000081b4b8c0,0x0000000086f80000)
 Metaspace       used 11563K, capacity 11818K, committed 12032K, reserved 1060864K
  class space    used 1412K, capacity 1511K, committed 1536K, reserved 1048576K
}
Event: 2.742 GC heap before
{Heap before GC invocations=3 (full 0):
 PSYoungGen      total 38400K, used 38398K [0x00000000d5e00000, 0x00000000d8880000, 0x0000000100000000)
  eden space 33280K, 100% used [0x00000000d5e00000,0x00000000d7e80000,0x00000000d7e80000)
  from space 5120K, 99% used [0x00000000d8380000,0x00000000d887fbb0,0x00000000d8880000)
  to   space 5120K, 0% used [0x00000000d7e80000,0x00000000d7e80000,0x00000000d8380000)
 ParOldGen       total 87552K, used 1326K [0x0000000081a00000, 0x0000000086f80000, 0x00000000d5e00000)
  object space 87552K, 1% used [0x0000000081a00000,0x0000000081b4b8c0,0x0000000086f80000)
 Metaspace       used 15297K, capacity 15510K, committed 15872K, reserved 1062912K
  class space    used 1877K, capacity 1939K, committed 2048K, reserved 1048576K
Event: 2.752 GC heap after
Heap after GC invocations=3 (full 0):
 PSYoungGen      total 38400K, used 5116K [0x00000000d5e00000, 0x00000000da900000, 0x0000000100000000)
  eden space 33280K, 0% used [0x00000000d5e00000,0x00000000d5e00000,0x00000000d7e80000)
  from space 5120K, 99% used [0x00000000d7e80000,0x00000000d837f128,0x00000000d8380000)
  to   space 5120K, 0% used [0x00000000da400000,0x00000000da400000,0x00000000da900000)
 ParOldGen       total 87552K, used 3790K [0x0000000081a00000, 0x0000000086f80000, 0x00000000d5e00000)
  object space 87552K, 4% used [0x0000000081a00000,0x0000000081db3a90,0x0000000086f80000)
 Metaspace       used 15297K, capacity 15510K, committed 15872K, reserved 1062912K
  class space    used 1877K, capacity 1939K, committed 2048K, reserved 1048576K
}
Event: 3.357 GC heap before
{Heap before GC invocations=4 (full 0):
 PSYoungGen      total 38400K, used 38396K [0x00000000d5e00000, 0x00000000da900000, 0x0000000100000000)
  eden space 33280K, 100% used [0x00000000d5e00000,0x00000000d7e80000,0x00000000d7e80000)
  from space 5120K, 99% used [0x00000000d7e80000,0x00000000d837f128,0x00000000d8380000)
  to   space 5120K, 0% used [0x00000000da400000,0x00000000da400000,0x00000000da900000)
 ParOldGen       total 87552K, used 3790K [0x0000000081a00000, 0x0000000086f80000, 0x00000000d5e00000)
  object space 87552K, 4% used [0x0000000081a00000,0x0000000081db3a90,0x0000000086f80000)
 Metaspace       used 16037K, capacity 16398K, committed 16640K, reserved 1064960K
  class space    used 1929K, capacity 2039K, committed 2048K, reserved 1048576K
Event: 3.371 GC heap after
Heap after GC invocations=4 (full 0):
 PSYoungGen      total 71680K, used 5112K [0x00000000d5e00000, 0x00000000da900000, 0x0000000100000000)
  eden space 66560K, 0% used [0x00000000d5e00000,0x00000000d5e00000,0x00000000d9f00000)
  from space 5120K, 99% used [0x00000000da400000,0x00000000da8fe050,0x00000000da900000)
  to   space 5120K, 0% used [0x00000000d9f00000,0x00000000d9f00000,0x00000000da400000)
 ParOldGen       total 87552K, used 6065K [0x0000000081a00000, 0x0000000086f80000, 0x00000000d5e00000)
  object space 87552K, 6% used [0x0000000081a00000,0x0000000081fec490,0x0000000086f80000)
 Metaspace       used 16037K, capacity 16398K, committed 16640K, reserved 1064960K
  class space    used 1929K, capacity 2039K, committed 2048K, reserved 1048576K
}

Deoptimization events (10 events):
Event: 3.090 Thread 0x0000000003002800 Uncommon trap: reason=null_check action=make_not_entrant pc=0x00000000037b13c8 method=org.apache.maven.model.io.xpp3.MavenXpp3Reader.checkFieldWithDuplicate(Lorg/codehaus/plexus/util/xml/pull/XmlPullParser;Ljava/lang/String;Ljava/lang/String;Ljava/util/Se
Event: 3.257 Thread 0x0000000003002800 Uncommon trap: reason=unstable_if action=reinterpret pc=0x000000000376970c method=org.codehaus.plexus.util.xml.pull.MXParser.nextImpl()I @ 280
Event: 3.281 Thread 0x0000000003002800 Uncommon trap: reason=unstable_if action=reinterpret pc=0x00000000033821d4 method=java.util.HashMap.getNode(ILjava/lang/Object;)Ljava/util/HashMap$Node; @ 53
Event: 3.317 Thread 0x0000000003002800 Uncommon trap: reason=bimorphic action=maybe_recompile pc=0x00000000038033b0 method=java.util.concurrent.ConcurrentHashMap.get(Ljava/lang/Object;)Ljava/lang/Object; @ 149
Event: 3.442 Thread 0x0000000003002800 Uncommon trap: reason=bimorphic action=maybe_recompile pc=0x00000000038033b0 method=java.util.concurrent.ConcurrentHashMap.get(Ljava/lang/Object;)Ljava/lang/Object; @ 149
Event: 3.442 Thread 0x0000000003002800 Uncommon trap: reason=bimorphic action=maybe_recompile pc=0x00000000038033b0 method=java.util.concurrent.ConcurrentHashMap.get(Ljava/lang/Object;)Ljava/lang/Object; @ 149
Event: 3.492 Thread 0x0000000003002800 Uncommon trap: reason=bimorphic action=maybe_recompile pc=0x00000000038033b0 method=java.util.concurrent.ConcurrentHashMap.get(Ljava/lang/Object;)Ljava/lang/Object; @ 149
Event: 3.564 Thread 0x0000000003002800 Uncommon trap: reason=unstable_if action=reinterpret pc=0x000000000387b01c method=java.util.LinkedHashMap.afterNodeInsertion(Z)V @ 18
Event: 3.668 Thread 0x0000000003002800 Uncommon trap: reason=unstable_if action=reinterpret pc=0x00000000036ba610 method=sun.net.www.protocol.jar.Handler.parseURL(Ljava/net/URL;Ljava/lang/String;II)V @ 94
Event: 3.704 Thread 0x0000000003002800 Uncommon trap: reason=predicate action=maybe_recompile pc=0x00000000033700b4 method=sun.net.www.ParseUtil.encodePath(Ljava/lang/String;Z)Ljava/lang/String; @ 36

Classes redefined (0 events):
No events

Internal exceptions (10 events):
Event: 2.404 Thread 0x0000000003002800 Exception <a 'java/lang/NoClassDefFoundError': com/google/inject/servlet/ServletModuleTargetVisitor> (0x00000000d6fe3128) thrown at [C:\re\workspace\8-2-build-windows-amd64-cygwin\jdk8u201\12322\hotspot\src\share\vm\classfile\systemDictionary.cpp, line 19
Event: 2.404 Thread 0x0000000003002800 Exception <a 'java/lang/NoClassDefFoundError'> (0x00000000d6fe3128) thrown at [C:\re\workspace\8-2-build-windows-amd64-cygwin\jdk8u201\12322\hotspot\src\share\vm\prims\jvm.cpp, line 1506]
Event: 2.404 Thread 0x0000000003002800 Exception <a 'java/lang/NoClassDefFoundError': javax/annotation/Priority> (0x00000000d6fe8300) thrown at [C:\re\workspace\8-2-build-windows-amd64-cygwin\jdk8u201\12322\hotspot\src\share\vm\classfile\systemDictionary.cpp, line 199]
Event: 2.496 Thread 0x0000000003002800 Implicit null exception at 0x00000000032a7ed8 to 0x00000000032a8091
Event: 2.595 Thread 0x0000000003002800 Implicit null exception at 0x000000000337ddd6 to 0x000000000337e171
Event: 2.595 Thread 0x0000000003002800 Implicit null exception at 0x0000000003328d56 to 0x00000000033290ed
Event: 2.849 Thread 0x0000000003002800 Implicit null exception at 0x000000000338aa55 to 0x000000000338ac61
Event: 2.849 Thread 0x0000000003002800 Implicit null exception at 0x00000000034d7e2f to 0x00000000034d7e99
Event: 2.932 Thread 0x0000000003002800 Implicit null exception at 0x00000000034a4e58 to 0x00000000034a4ee6
Event: 3.089 Thread 0x0000000003002800 Implicit null exception at 0x00000000037b021d to 0x00000000037b13b1

Events (10 events):
Event: 4.117 loading class org/codehaus/plexus/util/AbstractScanner
Event: 4.117 loading class org/codehaus/plexus/util/AbstractScanner done
Event: 4.117 loading class org/codehaus/plexus/util/Scanner
Event: 4.117 loading class org/codehaus/plexus/util/Scanner done
Event: 4.117 loading class org/codehaus/plexus/util/Scanner
Event: 4.117 loading class org/codehaus/plexus/util/Scanner done
Event: 4.118 loading class org/codehaus/plexus/util/SelectorUtils
Event: 4.118 loading class org/codehaus/plexus/util/SelectorUtils done
Event: 4.118 loading class org/codehaus/plexus/util/SelectorUtils
Event: 4.118 loading class org/codehaus/plexus/util/SelectorUtils done


Dynamic libraries:
0x00007ff679bb0000 - 0x00007ff679be7000 	E:\Java\jdk1.8.0_201\bin\java.exe
0x00007ffa329c0000 - 0x00007ffa32ba1000 	C:\Windows\SYSTEM32\ntdll.dll
0x00007ffa300b0000 - 0x00007ffa30161000 	C:\Windows\System32\KERNEL32.DLL
0x00007ffa2eee0000 - 0x00007ffa2f153000 	C:\Windows\System32\KERNELBASE.dll
0x00007ffa30000000 - 0x00007ffa300a1000 	C:\Windows\System32\ADVAPI32.dll
0x00007ffa30170000 - 0x00007ffa3020e000 	C:\Windows\System32\msvcrt.dll
0x00007ffa2ffa0000 - 0x00007ffa2fffb000 	C:\Windows\System32\sechost.dll
0x00007ffa32410000 - 0x00007ffa32534000 	C:\Windows\System32\RPCRT4.dll
0x00007ffa32120000 - 0x00007ffa322b0000 	C:\Windows\System32\USER32.dll
0x00007ffa2f4f0000 - 0x00007ffa2f510000 	C:\Windows\System32\win32u.dll
0x00007ffa30220000 - 0x00007ffa30248000 	C:\Windows\System32\GDI32.dll
0x00007ffa2f350000 - 0x00007ffa2f4e1000 	C:\Windows\System32\gdi32full.dll
0x00007ffa2ee40000 - 0x00007ffa2eedf000 	C:\Windows\System32\msvcp_win.dll
0x00007ffa2fca0000 - 0x00007ffa2fd98000 	C:\Windows\System32\ucrtbase.dll
0x00007ffa1c3e0000 - 0x00007ffa1c649000 	C:\Windows\WinSxS\amd64_microsoft.windows.common-controls_6595b64144ccf1df_6.0.17134.885_none_fb42a3473065565f\COMCTL32.dll
0x00007ffa30590000 - 0x00007ffa308b2000 	C:\Windows\System32\combase.dll
0x00007ffa2fc20000 - 0x00007ffa2fc99000 	C:\Windows\System32\bcryptPrimitives.dll
0x00007ffa30560000 - 0x00007ffa3058d000 	C:\Windows\System32\IMM32.DLL
0x000000006ac20000 - 0x000000006acf1000 	E:\Java\jdk1.8.0_201\jre\bin\msvcr100.dll
0x000000006a370000 - 0x000000006ac14000 	E:\Java\jdk1.8.0_201\jre\bin\server\jvm.dll
0x00007ffa30210000 - 0x00007ffa30218000 	C:\Windows\System32\PSAPI.DLL
0x00007ffa2d940000 - 0x00007ffa2d949000 	C:\Windows\SYSTEM32\WSOCK32.dll
0x00007ffa320b0000 - 0x00007ffa3211c000 	C:\Windows\System32\WS2_32.dll
0x00007ffa1ec70000 - 0x00007ffa1ec93000 	C:\Windows\SYSTEM32\WINMM.dll
0x00007ffa24840000 - 0x00007ffa2484a000 	C:\Windows\SYSTEM32\VERSION.dll
0x00007ffa1ec40000 - 0x00007ffa1ec6a000 	C:\Windows\SYSTEM32\WINMMBASE.dll
0x00007ffa2edf0000 - 0x00007ffa2ee39000 	C:\Windows\System32\cfgmgr32.dll
0x00007ffa2a190000 - 0x00007ffa2a19f000 	E:\Java\jdk1.8.0_201\jre\bin\verify.dll
0x00007ffa1ff50000 - 0x00007ffa1ff79000 	E:\Java\jdk1.8.0_201\jre\bin\java.dll
0x00007ffa24ca0000 - 0x00007ffa24cc3000 	E:\Java\jdk1.8.0_201\jre\bin\instrument.dll
0x00007ffa1eb30000 - 0x00007ffa1eb46000 	E:\Java\jdk1.8.0_201\jre\bin\zip.dll
0x00007ffa30af0000 - 0x00007ffa31f30000 	C:\Windows\System32\SHELL32.dll
0x00007ffa32000000 - 0x00007ffa320a9000 	C:\Windows\System32\shcore.dll
0x00007ffa2f510000 - 0x00007ffa2fc1d000 	C:\Windows\System32\windows.storage.dll
0x00007ffa2ff40000 - 0x00007ffa2ff91000 	C:\Windows\System32\shlwapi.dll
0x00007ffa2ecf0000 - 0x00007ffa2ed01000 	C:\Windows\System32\kernel.appcore.dll
0x00007ffa2ecd0000 - 0x00007ffa2ecef000 	C:\Windows\System32\profapi.dll
0x00007ffa2ed20000 - 0x00007ffa2ed6c000 	C:\Windows\System32\powrprof.dll
0x00007ffa2ed10000 - 0x00007ffa2ed1a000 	C:\Windows\System32\FLTLIB.DLL
0x00007ffa27ee0000 - 0x00007ffa27efa000 	E:\IDEA\IntelliJ IDEA 2018.2.4\bin\breakgen64.dll
0x00007ffa1abc0000 - 0x00007ffa1abda000 	E:\Java\jdk1.8.0_201\jre\bin\net.dll
0x00007ffa268a0000 - 0x00007ffa26a69000 	C:\Windows\SYSTEM32\urlmon.dll
0x00007ffa26390000 - 0x00007ffa26636000 	C:\Windows\SYSTEM32\iertutil.dll
0x00007ffa2e720000 - 0x00007ffa2e72b000 	C:\Windows\SYSTEM32\CRYPTBASE.DLL
0x00007ffa2e550000 - 0x00007ffa2e5b6000 	C:\Windows\system32\mswsock.dll
0x00007ffa2e700000 - 0x00007ffa2e717000 	C:\Windows\SYSTEM32\CRYPTSP.dll
0x00007ffa2e140000 - 0x00007ffa2e173000 	C:\Windows\system32\rsaenh.dll
0x00007ffa2e830000 - 0x00007ffa2e855000 	C:\Windows\SYSTEM32\bcrypt.dll
0x00007ffa2ebd0000 - 0x00007ffa2ebf8000 	C:\Windows\SYSTEM32\USERENV.dll
0x00007ffa2e2e0000 - 0x00007ffa2e318000 	C:\Windows\SYSTEM32\IPHLPAPI.DLL
0x00007ffa2fed0000 - 0x00007ffa2fed8000 	C:\Windows\System32\NSI.dll
0x00007ffa273b0000 - 0x00007ffa273c6000 	C:\Windows\SYSTEM32\dhcpcsvc6.DLL
0x00007ffa27390000 - 0x00007ffa273aa000 	C:\Windows\SYSTEM32\dhcpcsvc.DLL
0x00007ffa13a50000 - 0x00007ffa13a61000 	E:\Java\jdk1.8.0_201\jre\bin\nio.dll
0x00007ffa266b0000 - 0x00007ffa266ba000 	C:\Users\hire\AppData\Local\Temp\jansi-1.17.1-7956011651276282738.dll
0x00007ffa24c90000 - 0x00007ffa24c9a000 	C:\Users\hire\AppData\Local\Temp\jansi-1.17.1-1481971768436543956.dll

VM Arguments:
jvm_args: -Dmaven.multiModuleProjectDirectory=E:\IDEA\workspace\heima_ssm\heima_ssm_web -Dmaven.home=E:\Maven\apache-maven-3.6.1-bin\apache-maven-3.6.1 -Dclassworlds.conf=E:\Maven\apache-maven-3.6.1-bin\apache-maven-3.6.1\bin\m2.conf -javaagent:E:\IDEA\IntelliJ IDEA 2018.2.4\lib\idea_rt.jar=14974:E:\IDEA\IntelliJ IDEA 2018.2.4\bin -Dfile.encoding=UTF-8 
java_command: org.codehaus.classworlds.Launcher -Didea.version=2018.2.4 -s E:\Maven\apache-maven-3.6.1-bin\apache-maven-3.6.1\conf\settings.xml -Dmaven.repo.local=E:\Maven\apache-maven-3.6.1-bin\apache-maven-3.6.1\repository tomcat7:run
java_class_path (initial): E:\Maven\apache-maven-3.6.1-bin\apache-maven-3.6.1\boot\plexus-classworlds-2.6.0.jar;E:\IDEA\IntelliJ IDEA 2018.2.4\lib\idea_rt.jar
Launcher Type: SUN_STANDARD

Environment Variables:
JAVA_HOME=E:\Java\jdk1.8.0_201
CLASSPATH=E:\Java\jdk1.8.0_201
PATH=E:\Java\jdk1.8.0_201\bin;E:\Java\jdk1.8.0_201\jre\bin;C:\Program Files (x86)\Common Files\Oracle\Java\javapath;C:\Windows\system32;C:\Windows;C:\Windows\System32\Wbem;C:\Windows\System32\WindowsPowerShell\v1.0\;C:\Windows\System32\OpenSSH\;E:\Program Files (x86)\Microsoft SQL Server\100\Tools\Binn\;E:\Program Files\Microsoft SQL Server\100\Tools\Binn\;E:\Program Files\Microsoft SQL Server\100\DTS\Binn\;E:\Program Files (x86)\Microsoft SQL Server\100\Tools\Binn\VSShell\Common7\IDE\;C:\Program Files (x86)\Microsoft Visual Studio 9.0\Common7\IDE\PrivateAssemblies\;E:\Program Files (x86)\Microsoft SQL Server\100\DTS\Binn\;E:\New Folder\;E:\Git\Git\cmd;C:\Program Files\MySQL\MySQL Server 5.7\bin;E:\Nodejs;E:\bin;C:\Users\hire\AppData\Local\Microsoft\WindowsApps;E:\Visual Studio Code\Microsoft VS Code\bin;C:\Users\hire\AppData\Roaming\npm;E:\Java\jdk1.8.0_201;
USERNAME=hire
OS=Windows_NT
PROCESSOR_IDENTIFIER=Intel64 Family 6 Model 78 Stepping 3, GenuineIntel



---------------  S Y S T E M  ---------------

OS: Windows 10.0 , 64 bit Build 17134 (10.0.17134.753)

CPU:total 4 (initial active 4) (2 cores per cpu, 2 threads per core) family 6 model 78 stepping 3, cmov, cx8, fxsr, mmx, sse, sse2, sse3, ssse3, sse4.1, sse4.2, popcnt, avx, avx2, aes, clmul, erms, 3dnowpref, lzcnt, ht, tsc, tscinvbit, bmi1, bmi2, adx

Memory: 4k page, physical 8282032k(1396484k free), swap 8282032k(13292k free)

vm_info: Java HotSpot(TM) 64-Bit Server VM (25.201-b09) for windows-amd64 JRE (1.8.0_201-b09), built on Dec 15 2018 18:36:39 by "java_re" with MS VC++ 10.0 (VS2010)

time: Sat Jul 20 18:21:48 2019
timezone: 中国标准时间
elapsed time: 4 seconds (0d 0h 0m 4s)

